000 (7138378.004.000) 05/10 12:49:04 Job submitted from host: <137.138.120.116:9618?addrs=137.138.120.116-9618+[2001-1458-d00-16--17b]-9618&alias=bigbird12.cern.ch&noUDP&sock=schedd_2298_d0b9>
...
040 (7138378.004.000) 05/10 12:52:49 Started transferring input files
	Transferring to host: <188.184.167.37:9618?addrs=188.184.167.37-9618+[2001-1458-301-2a--100-21]-9618&alias=b7g27p8296.cern.ch&noUDP&sock=slot1_2_3781_ce73_29510>
...
040 (7138378.004.000) 05/10 12:52:49 Finished transferring input files
...
001 (7138378.004.000) 05/10 12:52:50 Job executing on host: <188.184.167.37:9618?addrs=188.184.167.37-9618+[2001-1458-301-2a--100-21]-9618&alias=b7g27p8296.cern.ch&noUDP&sock=startd_2907_89e7>
...
006 (7138378.004.000) 05/10 12:52:59 Image size of job updated: 20840
	8  -  MemoryUsage of job (MB)
	8096  -  ResidentSetSize of job (KB)
...
006 (7138378.004.000) 05/10 12:52:59 Image size of job updated: 20840
	8  -  MemoryUsage of job (MB)
	8152  -  ResidentSetSize of job (KB)
...
040 (7138378.004.000) 05/10 12:52:59 Started transferring output files
...
040 (7138378.004.000) 05/10 12:52:59 Finished transferring output files
...
005 (7138378.004.000) 05/10 12:53:00 Job terminated.
	(1) Normal termination (return value 0)
		Usr 0 00:00:01, Sys 0 00:00:02  -  Run Remote Usage
		Usr 0 00:00:00, Sys 0 00:00:00  -  Run Local Usage
		Usr 0 00:00:01, Sys 0 00:00:02  -  Total Remote Usage
		Usr 0 00:00:00, Sys 0 00:00:00  -  Total Local Usage
	6806  -  Run Bytes Sent By Job
	945  -  Run Bytes Received By Job
	6806  -  Total Bytes Sent By Job
	945  -  Total Bytes Received By Job
	Partitionable Resources :    Usage  Request Allocated 
	   Cpus                 :                 1         1 
	   Disk (KB)            :    30383        1   1472430 
	   Memory (MB)          :        8     2000      2000 

	Job terminated of its own accord at 2022-05-10T10:52:59Z.
...
