000 (7138378.000.000) 05/10 12:49:04 Job submitted from host: <137.138.120.116:9618?addrs=137.138.120.116-9618+[2001-1458-d00-16--17b]-9618&alias=bigbird12.cern.ch&noUDP&sock=schedd_2298_d0b9>
...
040 (7138378.000.000) 05/10 12:52:48 Started transferring input files
	Transferring to host: <188.184.166.55:9618?addrs=188.184.166.55-9618+[2001-1458-301-29--100-33]-9618&alias=b7g26p8482.cern.ch&noUDP&sock=slot1_21_4548_3a32_28901>
...
040 (7138378.000.000) 05/10 12:52:48 Finished transferring input files
...
001 (7138378.000.000) 05/10 12:52:49 Job executing on host: <188.184.166.55:9618?addrs=188.184.166.55-9618+[2001-1458-301-29--100-33]-9618&alias=b7g26p8482.cern.ch&noUDP&sock=startd_3936_58db>
...
006 (7138378.000.000) 05/10 12:52:58 Image size of job updated: 4864
	4  -  MemoryUsage of job (MB)
	4052  -  ResidentSetSize of job (KB)
...
006 (7138378.000.000) 05/10 12:53:01 Image size of job updated: 63920
	6  -  MemoryUsage of job (MB)
	5260  -  ResidentSetSize of job (KB)
...
040 (7138378.000.000) 05/10 12:53:01 Started transferring output files
...
040 (7138378.000.000) 05/10 12:53:01 Finished transferring output files
...
005 (7138378.000.000) 05/10 12:53:01 Job terminated.
	(1) Normal termination (return value 0)
		Usr 0 00:00:02, Sys 0 00:00:02  -  Run Remote Usage
		Usr 0 00:00:00, Sys 0 00:00:00  -  Run Local Usage
		Usr 0 00:00:02, Sys 0 00:00:02  -  Total Remote Usage
		Usr 0 00:00:00, Sys 0 00:00:00  -  Total Local Usage
	6905  -  Run Bytes Sent By Job
	944  -  Run Bytes Received By Job
	6905  -  Total Bytes Sent By Job
	944  -  Total Bytes Received By Job
	Partitionable Resources :    Usage  Request Allocated 
	   Cpus                 :                 1         1 
	   Disk (KB)            :      244        1   1199753 
	   Memory (MB)          :        6     2000      2000 

	Job terminated of its own accord at 2022-05-10T10:53:01Z.
...
