000 (7138378.007.000) 05/10 12:49:04 Job submitted from host: <137.138.120.116:9618?addrs=137.138.120.116-9618+[2001-1458-d00-16--17b]-9618&alias=bigbird12.cern.ch&noUDP&sock=schedd_2298_d0b9>
...
040 (7138378.007.000) 05/10 12:52:50 Started transferring input files
	Transferring to host: <188.184.166.68:9618?addrs=188.184.166.68-9618+[2001-1458-301-29--100-40]-9618&alias=b7g26p4011.cern.ch&noUDP&sock=slot1_7_4812_3d3d_29350>
...
040 (7138378.007.000) 05/10 12:52:50 Finished transferring input files
...
001 (7138378.007.000) 05/10 12:52:51 Job executing on host: <188.184.166.68:9618?addrs=188.184.166.68-9618+[2001-1458-301-29--100-40]-9618&alias=b7g26p4011.cern.ch&noUDP&sock=startd_4060_6699>
...
006 (7138378.007.000) 05/10 12:53:00 Image size of job updated: 9376
	3  -  MemoryUsage of job (MB)
	3056  -  ResidentSetSize of job (KB)
...
040 (7138378.007.000) 05/10 12:53:01 Started transferring output files
...
040 (7138378.007.000) 05/10 12:53:01 Finished transferring output files
...
005 (7138378.007.000) 05/10 12:53:01 Job terminated.
	(1) Normal termination (return value 0)
		Usr 0 00:00:02, Sys 0 00:00:02  -  Run Remote Usage
		Usr 0 00:00:00, Sys 0 00:00:00  -  Run Local Usage
		Usr 0 00:00:02, Sys 0 00:00:02  -  Total Remote Usage
		Usr 0 00:00:00, Sys 0 00:00:00  -  Total Local Usage
	6903  -  Run Bytes Sent By Job
	943  -  Run Bytes Received By Job
	6903  -  Total Bytes Sent By Job
	943  -  Total Bytes Received By Job
	Partitionable Resources :    Usage  Request Allocated 
	   Cpus                 :                 1         1 
	   Disk (KB)            :     4661        1   1131044 
	   Memory (MB)          :        3     2000      2000 

	Job terminated of its own accord at 2022-05-10T10:53:01Z.
...
