000 (7138378.003.000) 05/10 12:49:04 Job submitted from host: <137.138.120.116:9618?addrs=137.138.120.116-9618+[2001-1458-d00-16--17b]-9618&alias=bigbird12.cern.ch&noUDP&sock=schedd_2298_d0b9>
...
040 (7138378.003.000) 05/10 12:52:49 Started transferring input files
	Transferring to host: <188.184.166.74:9618?addrs=188.184.166.74-9618+[2001-1458-301-29--100-46]-9618&alias=b7g26p2093.cern.ch&noUDP&sock=slot1_8_3850_6c56_27956>
...
040 (7138378.003.000) 05/10 12:52:49 Finished transferring input files
...
001 (7138378.003.000) 05/10 12:52:50 Job executing on host: <188.184.166.74:9618?addrs=188.184.166.74-9618+[2001-1458-301-29--100-46]-9618&alias=b7g26p2093.cern.ch&noUDP&sock=startd_2941_dc1f>
...
006 (7138378.003.000) 05/10 12:52:59 Image size of job updated: 1824
	2  -  MemoryUsage of job (MB)
	1800  -  ResidentSetSize of job (KB)
...
006 (7138378.003.000) 05/10 12:53:32 Image size of job updated: 138116
	3  -  MemoryUsage of job (MB)
	2168  -  ResidentSetSize of job (KB)
...
040 (7138378.003.000) 05/10 12:53:32 Started transferring output files
...
040 (7138378.003.000) 05/10 12:53:32 Finished transferring output files
...
005 (7138378.003.000) 05/10 12:53:32 Job terminated.
	(1) Normal termination (return value 0)
		Usr 0 00:00:02, Sys 0 00:00:03  -  Run Remote Usage
		Usr 0 00:00:00, Sys 0 00:00:00  -  Run Local Usage
		Usr 0 00:00:02, Sys 0 00:00:03  -  Total Remote Usage
		Usr 0 00:00:00, Sys 0 00:00:00  -  Total Local Usage
	6903  -  Run Bytes Sent By Job
	943  -  Run Bytes Received By Job
	6903  -  Total Bytes Sent By Job
	943  -  Total Bytes Received By Job
	Partitionable Resources :    Usage  Request Allocated 
	   Cpus                 :                 1         1 
	   Disk (KB)            :      245        1   1152071 
	   Memory (MB)          :        3     2000      2000 

	Job terminated of its own accord at 2022-05-10T10:53:32Z.
...
